[17:34:23] [main/INFO]: Environment: authHost='https://authserver.mojang.com', accountsHost='https://api.mojang.com', sessionHost='https://sessionserver.mojang.com', servicesHost='https://api.minecraftservices.com', name='PROD'
[17:34:24] [main/WARN]: Ambiguity between arguments [teleport, destination] and [teleport, targets] with inputs: [Player, 0123, @e, dd12be42-52a9-4a91-a8a1-11c01849e498]
[17:34:24] [main/WARN]: Ambiguity between arguments [teleport, location] and [teleport, destination] with inputs: [0.1 -0.5 .9, 0 0 0]
[17:34:24] [main/WARN]: Ambiguity between arguments [teleport, location] and [teleport, targets] with inputs: [0.1 -0.5 .9, 0 0 0]
[17:34:24] [main/WARN]: Ambiguity between arguments [teleport, targets] and [teleport, destination] with inputs: [Player, 0123, dd12be42-52a9-4a91-a8a1-11c01849e498]
[17:34:24] [main/WARN]: Ambiguity between arguments [teleport, targets, location] and [teleport, targets, destination] with inputs: [0.1 -0.5 .9, 0 0 0]
[17:34:24] [main/INFO]: Reloading ResourceManager: Default
[17:34:24] [Worker-Main-11/INFO]: Loaded 7 recipes
[17:34:25] [Worker-Main-11/INFO]: Loaded 927 advancements
[17:34:28] [Server thread/INFO]: Starting minecraft server version 1.16.5
[17:34:28] [Server thread/INFO]: Loading properties
[17:34:28] [Server thread/INFO]: Default game type: SURVIVAL
[17:34:28] [Server thread/INFO]: Generating keypair
[17:34:28] [Server console handler/ERROR]: Exception handling console input
java.io.IOException: Identificador inválido
	at java.io.FileInputStream.readBytes(Native Method) ~[?:1.8.0_271]
	at java.io.FileInputStream.read(Unknown Source) ~[?:1.8.0_271]
	at java.io.BufferedInputStream.read1(Unknown Source) ~[?:1.8.0_271]
	at java.io.BufferedInputStream.read(Unknown Source) ~[?:1.8.0_271]
	at sun.nio.cs.StreamDecoder.readBytes(Unknown Source) ~[?:1.8.0_271]
	at sun.nio.cs.StreamDecoder.implRead(Unknown Source) ~[?:1.8.0_271]
	at sun.nio.cs.StreamDecoder.read(Unknown Source) ~[?:1.8.0_271]
	at java.io.InputStreamReader.read(Unknown Source) ~[?:1.8.0_271]
	at java.io.BufferedReader.fill(Unknown Source) ~[?:1.8.0_271]
	at java.io.BufferedReader.readLine(Unknown Source) ~[?:1.8.0_271]
	at java.io.BufferedReader.readLine(Unknown Source) ~[?:1.8.0_271]
	at zg$1.run(SourceFile:95) [server.jar:?]
[17:34:28] [Server thread/INFO]: Starting Minecraft server on 25.73.31.50:4000
[17:34:28] [Server thread/INFO]: Using default channel type
[17:34:31] [Server thread/WARN]: **** SERVER IS RUNNING IN OFFLINE/INSECURE MODE!
[17:34:31] [Server thread/WARN]: The server will make no attempt to authenticate usernames. Beware.
[17:34:31] [Server thread/WARN]: While this makes the game possible to play without internet access, it also opens up the ability for hackers to connect with any username they choose.
[17:34:31] [Server thread/WARN]: To change this, set "online-mode" to "true" in the server.properties file.
[17:34:32] [Server thread/INFO]: Preparing level "world"
[17:34:32] [Server thread/INFO]: Preparing start region for dimension minecraft:overworld
[17:34:34] [Server thread/INFO]: Preparing spawn area: 0%
[17:34:34] [Server thread/INFO]: Preparing spawn area: 0%
[17:34:34] [Server thread/INFO]: Preparing spawn area: 0%
[17:34:34] [Server thread/INFO]: Preparing spawn area: 0%
[17:34:34] [Server thread/INFO]: Preparing spawn area: 0%
[17:34:34] [Server thread/INFO]: Preparing spawn area: 0%
[17:34:35] [Server thread/INFO]: Preparing spawn area: 48%
[17:34:41] [Worker-Main-9/INFO]: Preparing spawn area: 83%
[17:34:41] [Worker-Main-8/INFO]: Preparing spawn area: 83%
[17:34:41] [Worker-Main-8/INFO]: Preparing spawn area: 83%
[17:34:41] [Worker-Main-16/INFO]: Preparing spawn area: 83%
[17:34:41] [Worker-Main-8/INFO]: Preparing spawn area: 83%
[17:34:41] [Worker-Main-13/INFO]: Preparing spawn area: 83%
[17:34:41] [Worker-Main-8/INFO]: Preparing spawn area: 83%
[17:34:41] [Worker-Main-8/INFO]: Preparing spawn area: 83%
[17:34:41] [Worker-Main-8/INFO]: Preparing spawn area: 83%
[17:34:41] [Worker-Main-8/INFO]: Preparing spawn area: 83%
[17:34:41] [Worker-Main-13/INFO]: Preparing spawn area: 83%
[17:34:41] [Worker-Main-14/INFO]: Preparing spawn area: 83%
[17:34:41] [Worker-Main-16/INFO]: Preparing spawn area: 83%
[17:34:42] [Worker-Main-9/INFO]: Preparing spawn area: 99%
[17:34:42] [Worker-Main-14/INFO]: Preparing spawn area: 99%
[17:34:42] [Server thread/INFO]: Time elapsed: 10739 ms
[17:34:42] [Server thread/INFO]: Done (10.885s)! For help, type "help"
[17:35:08] [Server thread/INFO]: Seed: [-8316380908338715562]
[17:36:32] [Server thread/INFO]: JovisGoku[/25.73.31.50:56755] logged in with entity id 81 at (-438.4964095844147, 80.0, 417.38516920472887)
[17:36:32] [Server thread/INFO]: JovisGoku joined the game
[17:53:20] [Server thread/INFO]: Set the time to 0
[18:22:29] [Server thread/INFO]: JovisGoku has made the advancement [Best Friends Forever]
[18:24:50] [Server thread/WARN]: Boat (vehicle of JovisGoku) moved wrongly! 0.3529265027566453
[18:28:26] [Server thread/INFO]: Set the time to 0
[18:43:48] [Server thread/INFO]: WessoDoBrega[/25.83.226.130:56131] logged in with entity id 11692 at (-237.5, 74.0, 253.5)
[18:43:48] [Server thread/INFO]: WessoDoBrega joined the game
[18:44:24] [Server thread/INFO]: WessoDoBrega lost connection: Disconnected
[18:44:24] [Server thread/INFO]: WessoDoBrega left the game
[19:02:27] [Server thread/INFO]: Set the time to 0
[19:02:52] [Server thread/INFO]: JovisGoku has made the advancement [Take Aim]
[19:04:06] [Server thread/INFO]: Incorrect argument for command
[19:04:06] [Server thread/INFO]: /gamemode JovisGoku 0<--[HERE]
[19:04:21] [Server thread/INFO]: Incorrect argument for command
[19:04:21] [Server thread/INFO]: /gamemode JovisGoku 0<--[HERE]
[19:04:46] [Server thread/INFO]: Incorrect argument for command
[19:04:46] [Server thread/INFO]: /gamemode JovisGoku creative<--[HERE]
[19:05:57] [Server thread/INFO]: Incorrect argument for command
[19:05:57] [Server thread/INFO]: /gamemode c<--[HERE]
[19:06:06] [Server thread/INFO]: Incorrect argument for command
[19:06:06] [Server thread/INFO]: /gamemode JovisGoku c<--[HERE]
[19:07:59] [Server thread/INFO]: JovisGoku lost connection: Disconnected
[19:07:59] [Server thread/INFO]: JovisGoku left the game
[19:09:08] [Server thread/INFO]: JovisGoku[/25.73.31.50:58377] logged in with entity id 15515 at (957.7506925457728, 63.0, 899.8258448814647)
[19:09:08] [Server thread/INFO]: JovisGoku joined the game
[19:13:04] [Server thread/INFO]: Set the time to 0
[19:23:47] [Server thread/INFO]: Set the time to 0
[19:38:33] [Server thread/INFO]: JovisGoku has made the advancement [Sweet Dreams]
[19:39:57] [Server thread/INFO]: Incorrect argument for command
[19:39:57] [Server thread/INFO]: ...JovisGoku -240 256<--[HERE]
[19:41:18] [Server thread/INFO]: Teleported JovisGoku to -239.5, 70.0, 256.5
[19:41:18] [Server thread/WARN]: JovisGoku moved too quickly! -977.8049173513691,-23.0,-533.435634225623
[19:44:54] [Server thread/INFO]: Teleported JovisGoku to -239.5, 75.0, 256.5
[19:44:54] [Server thread/WARN]: JovisGoku moved too quickly! -146.54729275379208,9.0,-21.945849992483204
[19:44:54] [Server thread/WARN]: JovisGoku moved too quickly! -146.54729275379208,9.0,-21.945849992483204
[19:53:39] [Server thread/INFO]: Teleported JovisGoku to -437.5, 80.0, 417.5
[19:53:39] [Server thread/WARN]: JovisGoku moved too quickly! 245.77372367089845,17.0,343.0172080069557
[19:53:39] [Server thread/WARN]: JovisGoku moved too quickly! 245.77372367089845,17.0,343.0172080069557
[20:17:15] [Server thread/INFO]: JovisGoku lost connection: Disconnected
[20:17:15] [Server thread/INFO]: JovisGoku left the game
[20:17:28] [Server thread/INFO]: Stopping server
[20:17:28] [Server thread/INFO]: Saving players
[20:17:28] [Server thread/INFO]: Saving worlds
[20:17:28] [Server thread/INFO]: Saving chunks for level 'ServerLevel[world]'/minecraft:overworld
[20:17:32] [Server thread/INFO]: ThreadedAnvilChunkStorage (world): All chunks are saved
[20:17:32] [Server thread/INFO]: Saving chunks for level 'ServerLevel[world]'/minecraft:the_nether
[20:17:32] [Server thread/INFO]: ThreadedAnvilChunkStorage (DIM-1): All chunks are saved
[20:17:32] [Server thread/INFO]: Saving chunks for level 'ServerLevel[world]'/minecraft:the_end
[20:17:32] [Server thread/INFO]: ThreadedAnvilChunkStorage (DIM1): All chunks are saved
[20:17:32] [Server thread/INFO]: ThreadedAnvilChunkStorage (world): All chunks are saved
[20:17:35] [Server thread/INFO]: ThreadedAnvilChunkStorage (DIM-1): All chunks are saved
[20:17:35] [Server thread/INFO]: ThreadedAnvilChunkStorage (DIM1): All chunks are saved
